#! /usr/bin/vvp
:ivl_version "12.0 (stable)";
:ivl_delay_selection "TYPICAL";
:vpi_time_precision - 12;
:vpi_module "/usr/lib/x86_64-linux-gnu/ivl/system.vpi";
:vpi_module "/usr/lib/x86_64-linux-gnu/ivl/vhdl_sys.vpi";
:vpi_module "/usr/lib/x86_64-linux-gnu/ivl/vhdl_textio.vpi";
:vpi_module "/usr/lib/x86_64-linux-gnu/ivl/v2005_math.vpi";
:vpi_module "/usr/lib/x86_64-linux-gnu/ivl/va_math.vpi";
S_0x5651bb993490 .scope module, "pipe_MIPS32" "pipe_MIPS32" 2 23;
 .timescale -9 -12;
    .port_info 0 /INPUT 1 "clk1";
    .port_info 1 /INPUT 1 "clk2";
P_0x5651bb9ca830 .param/l "ADD" 0 2 36, C4<000000>;
P_0x5651bb9ca870 .param/l "ADDI" 0 2 45, C4<001010>;
P_0x5651bb9ca8b0 .param/l "AND" 0 2 38, C4<000010>;
P_0x5651bb9ca8f0 .param/l "BEQZ" 0 2 49, C4<001110>;
P_0x5651bb9ca930 .param/l "BNEQZ" 0 2 48, C4<001101>;
P_0x5651bb9ca970 .param/l "BRANCH" 0 2 51, C4<100>;
P_0x5651bb9ca9b0 .param/l "HALT" 0 2 51, C4<101>;
P_0x5651bb9ca9f0 .param/l "HLT" 0 2 42, C4<111111>;
P_0x5651bb9caa30 .param/l "LOAD" 0 2 51, C4<010>;
P_0x5651bb9caa70 .param/l "LW" 0 2 43, C4<001000>;
P_0x5651bb9caab0 .param/l "MUL" 0 2 41, C4<000101>;
P_0x5651bb9caaf0 .param/l "OR" 0 2 39, C4<000011>;
P_0x5651bb9cab30 .param/l "RM_ALU" 0 2 51, C4<001>;
P_0x5651bb9cab70 .param/l "RR_ALU" 0 2 51, C4<000>;
P_0x5651bb9cabb0 .param/l "SLT" 0 2 40, C4<000100>;
P_0x5651bb9cabf0 .param/l "SLTI" 0 2 47, C4<001100>;
P_0x5651bb9cac30 .param/l "STORE" 0 2 51, C4<011>;
P_0x5651bb9cac70 .param/l "SUB" 0 2 37, C4<000001>;
P_0x5651bb9cacb0 .param/l "SUBI" 0 2 46, C4<001011>;
P_0x5651bb9cacf0 .param/l "SW" 0 2 44, C4<001001>;
v0x5651bb994d20_0 .var "EX_MEM_ALUOut", 31 0;
v0x5651bb995400_0 .var "EX_MEM_B", 31 0;
v0x5651bb9c73e0_0 .var "EX_MEM_IR", 31 0;
v0x5651bb9fffb0_0 .var "EX_MEM_cond", 0 0;
v0x5651bba00070_0 .var "EX_MEM_type", 2 0;
v0x5651bba001a0_0 .var "HALTED", 0 0;
v0x5651bba00260_0 .var "ID_EX_A", 31 0;
v0x5651bba00340_0 .var "ID_EX_B", 31 0;
v0x5651bba00420_0 .var "ID_EX_IR", 31 0;
v0x5651bba00500_0 .var "ID_EX_Imm", 31 0;
v0x5651bba005e0_0 .var "ID_EX_NPC", 31 0;
v0x5651bba006c0_0 .var "ID_EX_type", 2 0;
v0x5651bba007a0_0 .var "IF_ID_IR", 31 0;
v0x5651bba00880_0 .var "IF_ID_NPC", 31 0;
v0x5651bba00960_0 .var "MEM_WB_ALUOut", 31 0;
v0x5651bba00a40_0 .var "MEM_WB_IR", 31 0;
v0x5651bba00b20_0 .var "MEM_WB_LMD", 31 0;
v0x5651bba00c00_0 .var "MEM_WB_type", 2 0;
v0x5651bba00ce0 .array "Mem", 1023 0, 31 0;
v0x5651bba00da0_0 .var "PC", 31 0;
v0x5651bba00e80 .array "Reg", 31 0, 31 0;
v0x5651bba00f40_0 .var "TAKEN_BRANCH", 0 0;
o0x7f628689a3d8 .functor BUFZ 1, C4<z>; HiZ drive
v0x5651bba01000_0 .net "clk1", 0 0, o0x7f628689a3d8;  0 drivers
o0x7f628689a408 .functor BUFZ 1, C4<z>; HiZ drive
v0x5651bba010c0_0 .net "clk2", 0 0, o0x7f628689a408;  0 drivers
E_0x5651bb993a60 .event posedge, v0x5651bba01000_0;
E_0x5651bb993bc0 .event posedge, v0x5651bba010c0_0;
    .scope S_0x5651bb993490;
T_0 ;
    %wait E_0x5651bb993a60;
    %load/vec4 v0x5651bba001a0_0;
    %pad/u 32;
    %cmpi/e 0, 0, 32;
    %jmp/0xz  T_0.0, 4;
    %load/vec4 v0x5651bb9c73e0_0;
    %parti/s 6, 26, 6;
    %cmpi/e 14, 0, 6;
    %flag_get/vec4 4;
    %jmp/0 T_0.5, 4;
    %load/vec4 v0x5651bb9fffb0_0;
    %pad/u 32;
    %pushi/vec4 1, 0, 32;
    %cmp/e;
    %flag_get/vec4 4;
    %and;
T_0.5;
    %flag_set/vec4 8;
    %jmp/1 T_0.4, 8;
    %load/vec4 v0x5651bb9c73e0_0;
    %parti/s 6, 26, 6;
    %cmpi/e 13, 0, 6;
    %flag_get/vec4 4;
    %jmp/0 T_0.6, 4;
    %load/vec4 v0x5651bb9fffb0_0;
    %pad/u 32;
    %pushi/vec4 0, 0, 32;
    %cmp/e;
    %flag_get/vec4 4;
    %and;
T_0.6;
    %flag_set/vec4 9;
    %flag_or 8, 9;
T_0.4;
    %jmp/0xz  T_0.2, 8;
    %ix/getv 4, v0x5651bb994d20_0;
    %load/vec4a v0x5651bba00ce0, 4;
    %assign/vec4 v0x5651bba007a0_0, 2000;
    %pushi/vec4 1, 0, 1;
    %assign/vec4 v0x5651bba00f40_0, 2000;
    %load/vec4 v0x5651bb994d20_0;
    %addi 1, 0, 32;
    %assign/vec4 v0x5651bba00880_0, 2000;
    %load/vec4 v0x5651bb994d20_0;
    %addi 1, 0, 32;
    %assign/vec4 v0x5651bba00da0_0, 2000;
    %jmp T_0.3;
T_0.2 ;
    %ix/getv 4, v0x5651bba00da0_0;
    %load/vec4a v0x5651bba00ce0, 4;
    %assign/vec4 v0x5651bba007a0_0, 2000;
    %load/vec4 v0x5651bba00da0_0;
    %addi 1, 0, 32;
    %assign/vec4 v0x5651bba00880_0, 2000;
    %load/vec4 v0x5651bba00da0_0;
    %addi 1, 0, 32;
    %assign/vec4 v0x5651bba00da0_0, 2000;
T_0.3 ;
T_0.0 ;
    %jmp T_0;
    .thread T_0;
    .scope S_0x5651bb993490;
T_1 ;
    %wait E_0x5651bb993bc0;
    %load/vec4 v0x5651bba001a0_0;
    %pad/u 32;
    %cmpi/e 0, 0, 32;
    %jmp/0xz  T_1.0, 4;
    %load/vec4 v0x5651bba007a0_0;
    %parti/s 5, 21, 6;
    %cmpi/e 0, 0, 5;
    %jmp/0xz  T_1.2, 4;
    %pushi/vec4 0, 0, 32;
    %assign/vec4 v0x5651bba00260_0, 0;
    %jmp T_1.3;
T_1.2 ;
    %load/vec4 v0x5651bba007a0_0;
    %parti/s 5, 21, 6;
    %pad/u 7;
    %ix/vec4 4;
    %load/vec4a v0x5651bba00e80, 4;
    %assign/vec4 v0x5651bba00260_0, 2000;
T_1.3 ;
    %load/vec4 v0x5651bba007a0_0;
    %parti/s 5, 16, 6;
    %cmpi/e 0, 0, 5;
    %jmp/0xz  T_1.4, 4;
    %pushi/vec4 0, 0, 32;
    %assign/vec4 v0x5651bba00340_0, 0;
    %jmp T_1.5;
T_1.4 ;
    %load/vec4 v0x5651bba007a0_0;
    %parti/s 5, 16, 6;
    %pad/u 7;
    %ix/vec4 4;
    %load/vec4a v0x5651bba00e80, 4;
    %assign/vec4 v0x5651bba00340_0, 2000;
T_1.5 ;
    %load/vec4 v0x5651bba00880_0;
    %assign/vec4 v0x5651bba005e0_0, 2000;
    %load/vec4 v0x5651bba007a0_0;
    %assign/vec4 v0x5651bba00420_0, 2000;
    %load/vec4 v0x5651bba007a0_0;
    %parti/s 1, 15, 5;
    %replicate 16;
    %load/vec4 v0x5651bba007a0_0;
    %parti/s 16, 0, 2;
    %concat/vec4; draw_concat_vec4
    %assign/vec4 v0x5651bba00500_0, 2000;
    %load/vec4 v0x5651bba007a0_0;
    %parti/s 6, 26, 6;
    %dup/vec4;
    %pushi/vec4 0, 0, 6;
    %cmp/u;
    %jmp/1 T_1.6, 6;
    %dup/vec4;
    %pushi/vec4 1, 0, 6;
    %cmp/u;
    %jmp/1 T_1.7, 6;
    %dup/vec4;
    %pushi/vec4 2, 0, 6;
    %cmp/u;
    %jmp/1 T_1.8, 6;
    %dup/vec4;
    %pushi/vec4 3, 0, 6;
    %cmp/u;
    %jmp/1 T_1.9, 6;
    %dup/vec4;
    %pushi/vec4 4, 0, 6;
    %cmp/u;
    %jmp/1 T_1.10, 6;
    %dup/vec4;
    %pushi/vec4 5, 0, 6;
    %cmp/u;
    %jmp/1 T_1.11, 6;
    %dup/vec4;
    %pushi/vec4 10, 0, 6;
    %cmp/u;
    %jmp/1 T_1.12, 6;
    %dup/vec4;
    %pushi/vec4 11, 0, 6;
    %cmp/u;
    %jmp/1 T_1.13, 6;
    %dup/vec4;
    %pushi/vec4 12, 0, 6;
    %cmp/u;
    %jmp/1 T_1.14, 6;
    %dup/vec4;
    %pushi/vec4 8, 0, 6;
    %cmp/u;
    %jmp/1 T_1.15, 6;
    %dup/vec4;
    %pushi/vec4 9, 0, 6;
    %cmp/u;
    %jmp/1 T_1.16, 6;
    %dup/vec4;
    %pushi/vec4 13, 0, 6;
    %cmp/u;
    %jmp/1 T_1.17, 6;
    %dup/vec4;
    %pushi/vec4 14, 0, 6;
    %cmp/u;
    %jmp/1 T_1.18, 6;
    %dup/vec4;
    %pushi/vec4 63, 0, 6;
    %cmp/u;
    %jmp/1 T_1.19, 6;
    %pushi/vec4 5, 0, 3;
    %assign/vec4 v0x5651bba006c0_0, 2000;
    %jmp T_1.21;
T_1.6 ;
    %pushi/vec4 0, 0, 3;
    %assign/vec4 v0x5651bba006c0_0, 2000;
    %jmp T_1.21;
T_1.7 ;
    %pushi/vec4 0, 0, 3;
    %assign/vec4 v0x5651bba006c0_0, 2000;
    %jmp T_1.21;
T_1.8 ;
    %pushi/vec4 0, 0, 3;
    %assign/vec4 v0x5651bba006c0_0, 2000;
    %jmp T_1.21;
T_1.9 ;
    %pushi/vec4 0, 0, 3;
    %assign/vec4 v0x5651bba006c0_0, 2000;
    %jmp T_1.21;
T_1.10 ;
    %pushi/vec4 0, 0, 3;
    %assign/vec4 v0x5651bba006c0_0, 2000;
    %jmp T_1.21;
T_1.11 ;
    %pushi/vec4 0, 0, 3;
    %assign/vec4 v0x5651bba006c0_0, 2000;
    %jmp T_1.21;
T_1.12 ;
    %pushi/vec4 1, 0, 3;
    %assign/vec4 v0x5651bba006c0_0, 2000;
    %jmp T_1.21;
T_1.13 ;
    %pushi/vec4 1, 0, 3;
    %assign/vec4 v0x5651bba006c0_0, 2000;
    %jmp T_1.21;
T_1.14 ;
    %pushi/vec4 1, 0, 3;
    %assign/vec4 v0x5651bba006c0_0, 2000;
    %jmp T_1.21;
T_1.15 ;
    %pushi/vec4 2, 0, 3;
    %assign/vec4 v0x5651bba006c0_0, 2000;
    %jmp T_1.21;
T_1.16 ;
    %pushi/vec4 3, 0, 3;
    %assign/vec4 v0x5651bba006c0_0, 2000;
    %jmp T_1.21;
T_1.17 ;
    %pushi/vec4 4, 0, 3;
    %assign/vec4 v0x5651bba006c0_0, 2000;
    %jmp T_1.21;
T_1.18 ;
    %pushi/vec4 4, 0, 3;
    %assign/vec4 v0x5651bba006c0_0, 2000;
    %jmp T_1.21;
T_1.19 ;
    %pushi/vec4 5, 0, 3;
    %assign/vec4 v0x5651bba006c0_0, 2000;
    %jmp T_1.21;
T_1.21 ;
    %pop/vec4 1;
T_1.0 ;
    %jmp T_1;
    .thread T_1;
    .scope S_0x5651bb993490;
T_2 ;
    %wait E_0x5651bb993a60;
    %load/vec4 v0x5651bba001a0_0;
    %pad/u 32;
    %cmpi/e 0, 0, 32;
    %jmp/0xz  T_2.0, 4;
    %load/vec4 v0x5651bba006c0_0;
    %assign/vec4 v0x5651bba00070_0, 2000;
    %load/vec4 v0x5651bba00420_0;
    %assign/vec4 v0x5651bb9c73e0_0, 2000;
    %pushi/vec4 0, 0, 1;
    %assign/vec4 v0x5651bba00f40_0, 2000;
    %load/vec4 v0x5651bba006c0_0;
    %dup/vec4;
    %pushi/vec4 0, 0, 3;
    %cmp/u;
    %jmp/1 T_2.2, 6;
    %dup/vec4;
    %pushi/vec4 1, 0, 3;
    %cmp/u;
    %jmp/1 T_2.3, 6;
    %dup/vec4;
    %pushi/vec4 2, 0, 3;
    %cmp/u;
    %jmp/1 T_2.4, 6;
    %dup/vec4;
    %pushi/vec4 3, 0, 3;
    %cmp/u;
    %jmp/1 T_2.5, 6;
    %dup/vec4;
    %pushi/vec4 4, 0, 3;
    %cmp/u;
    %jmp/1 T_2.6, 6;
    %jmp T_2.7;
T_2.2 ;
    %load/vec4 v0x5651bba00420_0;
    %parti/s 6, 26, 6;
    %dup/vec4;
    %pushi/vec4 0, 0, 6;
    %cmp/u;
    %jmp/1 T_2.8, 6;
    %dup/vec4;
    %pushi/vec4 1, 0, 6;
    %cmp/u;
    %jmp/1 T_2.9, 6;
    %dup/vec4;
    %pushi/vec4 2, 0, 6;
    %cmp/u;
    %jmp/1 T_2.10, 6;
    %dup/vec4;
    %pushi/vec4 3, 0, 6;
    %cmp/u;
    %jmp/1 T_2.11, 6;
    %dup/vec4;
    %pushi/vec4 4, 0, 6;
    %cmp/u;
    %jmp/1 T_2.12, 6;
    %dup/vec4;
    %pushi/vec4 5, 0, 6;
    %cmp/u;
    %jmp/1 T_2.13, 6;
    %pushi/vec4 4294967295, 4294967295, 32;
    %assign/vec4 v0x5651bb994d20_0, 2000;
    %jmp T_2.15;
T_2.8 ;
    %load/vec4 v0x5651bba00260_0;
    %load/vec4 v0x5651bba00340_0;
    %add;
    %assign/vec4 v0x5651bb994d20_0, 2000;
    %jmp T_2.15;
T_2.9 ;
    %load/vec4 v0x5651bba00260_0;
    %load/vec4 v0x5651bba00340_0;
    %sub;
    %assign/vec4 v0x5651bb994d20_0, 2000;
    %jmp T_2.15;
T_2.10 ;
    %load/vec4 v0x5651bba00260_0;
    %load/vec4 v0x5651bba00340_0;
    %and;
    %assign/vec4 v0x5651bb994d20_0, 2000;
    %jmp T_2.15;
T_2.11 ;
    %load/vec4 v0x5651bba00260_0;
    %load/vec4 v0x5651bba00340_0;
    %or;
    %assign/vec4 v0x5651bb994d20_0, 2000;
    %jmp T_2.15;
T_2.12 ;
    %load/vec4 v0x5651bba00260_0;
    %load/vec4 v0x5651bba00340_0;
    %cmp/u;
    %flag_get/vec4 5;
    %pad/u 32;
    %assign/vec4 v0x5651bb994d20_0, 2000;
    %jmp T_2.15;
T_2.13 ;
    %load/vec4 v0x5651bba00260_0;
    %load/vec4 v0x5651bba00340_0;
    %mul;
    %assign/vec4 v0x5651bb994d20_0, 2000;
    %jmp T_2.15;
T_2.15 ;
    %pop/vec4 1;
    %jmp T_2.7;
T_2.3 ;
    %load/vec4 v0x5651bba00420_0;
    %parti/s 6, 26, 6;
    %dup/vec4;
    %pushi/vec4 10, 0, 6;
    %cmp/u;
    %jmp/1 T_2.16, 6;
    %dup/vec4;
    %pushi/vec4 11, 0, 6;
    %cmp/u;
    %jmp/1 T_2.17, 6;
    %dup/vec4;
    %pushi/vec4 12, 0, 6;
    %cmp/u;
    %jmp/1 T_2.18, 6;
    %pushi/vec4 4294967295, 4294967295, 32;
    %assign/vec4 v0x5651bb994d20_0, 2000;
    %jmp T_2.20;
T_2.16 ;
    %load/vec4 v0x5651bba00260_0;
    %load/vec4 v0x5651bba00500_0;
    %add;
    %assign/vec4 v0x5651bb994d20_0, 2000;
    %jmp T_2.20;
T_2.17 ;
    %load/vec4 v0x5651bba00260_0;
    %load/vec4 v0x5651bba00500_0;
    %sub;
    %assign/vec4 v0x5651bb994d20_0, 2000;
    %jmp T_2.20;
T_2.18 ;
    %load/vec4 v0x5651bba00260_0;
    %load/vec4 v0x5651bba00500_0;
    %cmp/u;
    %flag_get/vec4 5;
    %pad/u 32;
    %assign/vec4 v0x5651bb994d20_0, 2000;
    %jmp T_2.20;
T_2.20 ;
    %pop/vec4 1;
    %jmp T_2.7;
T_2.4 ;
    %load/vec4 v0x5651bba00260_0;
    %load/vec4 v0x5651bba00500_0;
    %add;
    %assign/vec4 v0x5651bb994d20_0, 2000;
    %load/vec4 v0x5651bba00340_0;
    %assign/vec4 v0x5651bb995400_0, 2000;
    %jmp T_2.7;
T_2.5 ;
    %load/vec4 v0x5651bba00260_0;
    %load/vec4 v0x5651bba00500_0;
    %add;
    %assign/vec4 v0x5651bb994d20_0, 2000;
    %load/vec4 v0x5651bba00340_0;
    %assign/vec4 v0x5651bb995400_0, 2000;
    %jmp T_2.7;
T_2.6 ;
    %load/vec4 v0x5651bba005e0_0;
    %load/vec4 v0x5651bba00500_0;
    %add;
    %assign/vec4 v0x5651bb994d20_0, 2000;
    %load/vec4 v0x5651bba00260_0;
    %pushi/vec4 0, 0, 32;
    %cmp/e;
    %flag_get/vec4 4;
    %assign/vec4 v0x5651bb9fffb0_0, 2000;
    %jmp T_2.7;
T_2.7 ;
    %pop/vec4 1;
T_2.0 ;
    %jmp T_2;
    .thread T_2;
    .scope S_0x5651bb993490;
T_3 ;
    %wait E_0x5651bb993bc0;
    %load/vec4 v0x5651bba001a0_0;
    %pad/u 32;
    %cmpi/e 0, 0, 32;
    %jmp/0xz  T_3.0, 4;
    %load/vec4 v0x5651bba00070_0;
    %assign/vec4 v0x5651bba00c00_0, 0;
    %load/vec4 v0x5651bb9c73e0_0;
    %assign/vec4 v0x5651bba00a40_0, 2000;
    %load/vec4 v0x5651bba00070_0;
    %dup/vec4;
    %pushi/vec4 0, 0, 3;
    %cmp/u;
    %jmp/1 T_3.2, 6;
    %dup/vec4;
    %pushi/vec4 1, 0, 3;
    %cmp/u;
    %jmp/1 T_3.3, 6;
    %dup/vec4;
    %pushi/vec4 2, 0, 3;
    %cmp/u;
    %jmp/1 T_3.4, 6;
    %dup/vec4;
    %pushi/vec4 3, 0, 3;
    %cmp/u;
    %jmp/1 T_3.5, 6;
    %jmp T_3.6;
T_3.2 ;
    %load/vec4 v0x5651bb994d20_0;
    %assign/vec4 v0x5651bba00960_0, 2000;
    %jmp T_3.6;
T_3.3 ;
    %load/vec4 v0x5651bb994d20_0;
    %assign/vec4 v0x5651bba00960_0, 2000;
    %jmp T_3.6;
T_3.4 ;
    %ix/getv 4, v0x5651bb994d20_0;
    %load/vec4a v0x5651bba00ce0, 4;
    %assign/vec4 v0x5651bba00b20_0, 2000;
    %jmp T_3.6;
T_3.5 ;
    %load/vec4 v0x5651bba00f40_0;
    %pad/u 32;
    %cmpi/e 0, 0, 32;
    %jmp/0xz  T_3.7, 4;
    %load/vec4 v0x5651bb995400_0;
    %ix/getv 3, v0x5651bb994d20_0;
    %ix/load 4, 2000, 0; Constant delay
    %assign/vec4/a/d v0x5651bba00ce0, 0, 4;
T_3.7 ;
    %jmp T_3.6;
T_3.6 ;
    %pop/vec4 1;
T_3.0 ;
    %jmp T_3;
    .thread T_3;
    .scope S_0x5651bb993490;
T_4 ;
    %wait E_0x5651bb993a60;
    %load/vec4 v0x5651bba00f40_0;
    %pad/u 32;
    %cmpi/e 0, 0, 32;
    %jmp/0xz  T_4.0, 4;
    %load/vec4 v0x5651bba00c00_0;
    %dup/vec4;
    %pushi/vec4 0, 0, 3;
    %cmp/u;
    %jmp/1 T_4.2, 6;
    %dup/vec4;
    %pushi/vec4 1, 0, 3;
    %cmp/u;
    %jmp/1 T_4.3, 6;
    %dup/vec4;
    %pushi/vec4 2, 0, 3;
    %cmp/u;
    %jmp/1 T_4.4, 6;
    %dup/vec4;
    %pushi/vec4 5, 0, 3;
    %cmp/u;
    %jmp/1 T_4.5, 6;
    %jmp T_4.6;
T_4.2 ;
    %load/vec4 v0x5651bba00960_0;
    %load/vec4 v0x5651bba00a40_0;
    %parti/s 5, 11, 5;
    %pad/u 7;
    %ix/vec4 3;
    %ix/load 4, 2000, 0; Constant delay
    %assign/vec4/a/d v0x5651bba00e80, 0, 4;
    %jmp T_4.6;
T_4.3 ;
    %load/vec4 v0x5651bba00960_0;
    %load/vec4 v0x5651bba00a40_0;
    %parti/s 5, 16, 6;
    %pad/u 7;
    %ix/vec4 3;
    %ix/load 4, 2000, 0; Constant delay
    %assign/vec4/a/d v0x5651bba00e80, 0, 4;
    %jmp T_4.6;
T_4.4 ;
    %load/vec4 v0x5651bba00b20_0;
    %load/vec4 v0x5651bba00a40_0;
    %parti/s 5, 16, 6;
    %pad/u 7;
    %ix/vec4 3;
    %ix/load 4, 2000, 0; Constant delay
    %assign/vec4/a/d v0x5651bba00e80, 0, 4;
    %jmp T_4.6;
T_4.5 ;
    %pushi/vec4 1, 0, 1;
    %assign/vec4 v0x5651bba001a0_0, 2000;
    %jmp T_4.6;
T_4.6 ;
    %pop/vec4 1;
T_4.0 ;
    %jmp T_4;
    .thread T_4;
# The file index is used to find the file name in the following table.
:file_names 3;
    "N/A";
    "<interactive>";
    "main.v";
